<?xml version="1.0" encoding="UTF-8"?>
<testsuite xmlns:xsi="http://www.w3.org/2001/XMLSchema-instance" xsi:noNamespaceSchemaLocation="https://maven.apache.org/surefire/maven-surefire-plugin/xsd/surefire-test-report.xsd" version="3.0.1" name="org.atsd.AppTest" time="0.177" tests="19" errors="0" skipped="0" failures="0">
  <properties>
    <property name="java.specification.version" value="17"/>
    <property name="sun.cpu.isalist" value="amd64"/>
    <property name="sun.jnu.encoding" value="UTF-8"/>
    <property name="java.class.path" value="D:\Study2\3 kurs\Алгоритмы и структуры\labs\lab7\target\test-classes;D:\Study2\3 kurs\Алгоритмы и структуры\labs\lab7\target\classes;C:\Users\user\.m2\repository\org\junit\jupiter\junit-jupiter\5.11.0\junit-jupiter-5.11.0.jar;C:\Users\user\.m2\repository\org\junit\jupiter\junit-jupiter-api\5.11.0\junit-jupiter-api-5.11.0.jar;C:\Users\user\.m2\repository\org\opentest4j\opentest4j\1.3.0\opentest4j-1.3.0.jar;C:\Users\user\.m2\repository\org\junit\platform\junit-platform-commons\1.11.0\junit-platform-commons-1.11.0.jar;C:\Users\user\.m2\repository\org\junit\jupiter\junit-jupiter-params\5.11.0\junit-jupiter-params-5.11.0.jar;C:\Users\user\.m2\repository\org\junit\jupiter\junit-jupiter-engine\5.11.0\junit-jupiter-engine-5.11.0.jar;C:\Users\user\.m2\repository\org\junit\platform\junit-platform-launcher\1.11.0\junit-platform-launcher-1.11.0.jar;C:\Users\user\.m2\repository\org\junit\platform\junit-platform-engine\1.11.0\junit-platform-engine-1.11.0.jar;C:\Users\user\.m2\repository\org\apiguardian\apiguardian-api\1.1.2\apiguardian-api-1.1.2.jar;"/>
    <property name="java.vm.vendor" value="Eclipse Adoptium"/>
    <property name="sun.arch.data.model" value="64"/>
    <property name="user.variant" value=""/>
    <property name="java.vendor.url" value="https://adoptium.net/"/>
    <property name="user.timezone" value="Europe/Kiev"/>
    <property name="os.name" value="Windows 11"/>
    <property name="java.vm.specification.version" value="17"/>
    <property name="sun.java.launcher" value="SUN_STANDARD"/>
    <property name="user.country" value="RU"/>
    <property name="sun.boot.library.path" value="C:\Program Files\Eclipse Adoptium\jdk-17.0.16.8-hotspot\bin"/>
    <property name="sun.java.command" value="C:\Users\user\AppData\Local\Temp\surefire10633029595187955484\surefirebooter-20250816130557576_3.jar C:\Users\user\AppData\Local\Temp\surefire10633029595187955484 2025-08-16T13-05-57_401-jvmRun1 surefire-20250816130557576_1tmp surefire_0-20250816130557576_2tmp"/>
    <property name="jdk.debug" value="release"/>
    <property name="surefire.test.class.path" value="D:\Study2\3 kurs\Алгоритмы и структуры\labs\lab7\target\test-classes;D:\Study2\3 kurs\Алгоритмы и структуры\labs\lab7\target\classes;C:\Users\user\.m2\repository\org\junit\jupiter\junit-jupiter\5.11.0\junit-jupiter-5.11.0.jar;C:\Users\user\.m2\repository\org\junit\jupiter\junit-jupiter-api\5.11.0\junit-jupiter-api-5.11.0.jar;C:\Users\user\.m2\repository\org\opentest4j\opentest4j\1.3.0\opentest4j-1.3.0.jar;C:\Users\user\.m2\repository\org\junit\platform\junit-platform-commons\1.11.0\junit-platform-commons-1.11.0.jar;C:\Users\user\.m2\repository\org\junit\jupiter\junit-jupiter-params\5.11.0\junit-jupiter-params-5.11.0.jar;C:\Users\user\.m2\repository\org\junit\jupiter\junit-jupiter-engine\5.11.0\junit-jupiter-engine-5.11.0.jar;C:\Users\user\.m2\repository\org\junit\platform\junit-platform-launcher\1.11.0\junit-platform-launcher-1.11.0.jar;C:\Users\user\.m2\repository\org\junit\platform\junit-platform-engine\1.11.0\junit-platform-engine-1.11.0.jar;C:\Users\user\.m2\repository\org\apiguardian\apiguardian-api\1.1.2\apiguardian-api-1.1.2.jar;"/>
    <property name="sun.cpu.endian" value="little"/>
    <property name="user.home" value="C:\Users\user"/>
    <property name="user.language" value="ru"/>
    <property name="java.specification.vendor" value="Oracle Corporation"/>
    <property name="java.version.date" value="2025-07-15"/>
    <property name="java.home" value="C:\Program Files\Eclipse Adoptium\jdk-17.0.16.8-hotspot"/>
    <property name="file.separator" value="\"/>
    <property name="basedir" value="D:\Study2\3 kurs\Алгоритмы и структуры\labs\lab7"/>
    <property name="java.vm.compressedOopsMode" value="Zero based"/>
    <property name="line.separator" value="&#10;"/>
    <property name="java.vm.specification.vendor" value="Oracle Corporation"/>
    <property name="java.specification.name" value="Java Platform API Specification"/>
    <property name="surefire.real.class.path" value="C:\Users\user\AppData\Local\Temp\surefire10633029595187955484\surefirebooter-20250816130557576_3.jar"/>
    <property name="user.script" value=""/>
    <property name="sun.management.compiler" value="HotSpot 64-Bit Tiered Compilers"/>
    <property name="java.runtime.version" value="17.0.16+8"/>
    <property name="user.name" value="user"/>
    <property name="path.separator" value=";"/>
    <property name="os.version" value="10.0"/>
    <property name="java.runtime.name" value="OpenJDK Runtime Environment"/>
    <property name="file.encoding" value="UTF-8"/>
    <property name="java.vm.name" value="OpenJDK 64-Bit Server VM"/>
    <property name="java.vendor.version" value="Temurin-17.0.16+8"/>
    <property name="localRepository" value="C:\Users\user\.m2\repository"/>
    <property name="java.vendor.url.bug" value="https://github.com/adoptium/adoptium-support/issues"/>
    <property name="java.io.tmpdir" value="C:\Users\user\AppData\Local\Temp\"/>
    <property name="java.version" value="17.0.16"/>
    <property name="user.dir" value="D:\Study2\3 kurs\Алгоритмы и структуры\labs\lab7"/>
    <property name="os.arch" value="amd64"/>
    <property name="java.vm.specification.name" value="Java Virtual Machine Specification"/>
    <property name="sun.os.patch.level" value=""/>
    <property name="native.encoding" value="UTF-8"/>
    <property name="java.library.path" value="C:\Program Files\Eclipse Adoptium\jdk-17.0.16.8-hotspot\bin;C:\Windows\Sun\Java\bin;C:\Windows\system32;C:\Windows;C:\Program Files\Eclipse Adoptium\jdk-17.0.16.8-hotspot\bin;C:\Python313\Scripts\;C:\Python313\;C:\Program Files\Common Files\Oracle\Java\javapath;C:\Windows\system32;C:\Windows;C:\Windows\System32\Wbem;C:\Windows\System32\WindowsPowerShell\v1.0\;C:\Windows\System32\OpenSSH\;C:\Program Files\Microsoft VS Code\bin;C:\Program Files\nodejs\;C:\ProgramData\chocolatey\bin;C:\Program Files\Docker\Docker\resources\bin;C:\Program Files\Git\cmd;C:\Program Files\PowerShell\7\;C:\Program Files\Graphviz\bin;C:\Users\user\AppData\Local\Microsoft\WindowsApps;C:\Users\user\AppData\Roaming\npm;C:\Program Files\Java\apache-maven-3.9.11\bin;C:\Program Files\Eclipse Adoptium\jdk-17.0.16.8-hotspot\\bin;C:\Program Files\Gradle\gradle-8.14.3\bin;C:\Users\user\AppData\Local\Microsoft\WinGet\Links;C:\Program Files\Graphviz\bin;C:\Program Files\JetBrains\IntelliJ IDEA 2025.2\bin;."/>
    <property name="java.vm.info" value="mixed mode, sharing"/>
    <property name="java.vendor" value="Eclipse Adoptium"/>
    <property name="java.vm.version" value="17.0.16+8"/>
    <property name="java.specification.maintenance.version" value="1"/>
    <property name="sun.io.unicode.encoding" value="UnicodeLittle"/>
    <property name="java.class.version" value="61.0"/>
  </properties>
  <testcase name="testPerformance" classname="org.atsd.AppTest" time="0.044">
    <system-out><![CDATA[=== Метод половинчастого ділення ===
Ітерація	a		b		c		f(c)
1		-1,000000	0,000000	-0,500000	-1,531250
2		-0,500000	0,000000	-0,250000	-0,250977
3		-0,250000	0,000000	-0,125000	0,374969
4		-0,250000	-0,125000	-0,187500	0,062268
5		-0,250000	-0,187500	-0,218750	-0,094251
6		-0,218750	-0,187500	-0,203125	-0,015971
7		-0,203125	-0,187500	-0,195313	0,023153
8		-0,203125	-0,195313	-0,199219	0,003592
9		-0,203125	-0,199219	-0,201172	-0,006189
10		-0,201172	-0,199219	-0,200195	-0,001298
11		-0,200195	-0,199219	-0,199707	0,001147
12		-0,200195	-0,199707	-0,199951	-0,000075
13		-0,199951	-0,199707	-0,199829	0,000536
14		-0,199951	-0,199829	-0,199890	0,000230
15		-0,199951	-0,199890	-0,199921	0,000077
16		-0,199951	-0,199921	-0,199936	0,000001
17		-0,199951	-0,199936	-0,199944	-0,000037
18		-0,199944	-0,199936	-0,199940	-0,000018
19		-0,199940	-0,199936	-0,199938	-0,000009
20		-0,199938	-0,199936	-0,199937	-0,000004
21		-0,199937	-0,199936	-0,199936	-0,000001
22		-0,199936	-0,199936	-0,199936	-0,000000
23		-0,199936	-0,199936	-0,199936	0,000000
24		-0,199936	-0,199936	-0,199936	0,000000
25		-0,199936	-0,199936	-0,199936	-0,000000
26		-0,199936	-0,199936	-0,199936	-0,000000
27		-0,199936	-0,199936	-0,199936	0,000000
28		-0,199936	-0,199936	-0,199936	-0,000000
29		-0,199936	-0,199936	-0,199936	0,000000
30		-0,199936	-0,199936	-0,199936	0,000000
31		-0,199936	-0,199936	-0,199936	-0,000000
32		-0,199936	-0,199936	-0,199936	-0,000000
33		-0,199936	-0,199936	-0,199936	-0,000000
34		-0,199936	-0,199936	-0,199936	-0,000000
Знайдено корінь: -0,1999361022 за 34 ітерацій

=== Метод дотичних (Ньютона) ===
Ітерація	x		f(x)		f'(x)
1		-0,500000	-1,531250	5,312500
2		-0,211765	-0,059249	5,010055
3		-0,199939	-0,000013	5,007990
4		-0,199936	-0,000000	5,007990
Знайдено корінь: -0,1999361022 за 3 ітерацій

=== Метод хорд ===
Ітерація	a		b		x		f(x)
1		-1,000000	0,000000	-0,166667	0,166538
2		-1,000000	-0,166667	-0,193528	0,032087
3		-1,000000	-0,193528	-0,198671	0,006337
4		-1,000000	-0,198671	-0,199685	0,001257
5		-1,000000	-0,199685	-0,199886	0,000250
6		-1,000000	-0,199886	-0,199926	0,000050
7		-1,000000	-0,199926	-0,199934	0,000010
8		-1,000000	-0,199934	-0,199936	0,000002
9		-1,000000	-0,199936	-0,199936	0,000000
10		-1,000000	-0,199936	-0,199936	0,000000
11		-1,000000	-0,199936	-0,199936	0,000000
12		-1,000000	-0,199936	-0,199936	0,000000
13		-1,000000	-0,199936	-0,199936	0,000000
14		-1,000000	-0,199936	-0,199936	0,000000
15		-1,000000	-0,199936	-0,199936	0,000000
Знайдено корінь: -0,1999361022 за 14 ітерацій

]]></system-out>
  </testcase>
  <testcase name="testEquationDerivative" classname="org.atsd.AppTest" time="0.003"/>
  <testcase name="testEquationFunction" classname="org.atsd.AppTest" time="0.001"/>
  <testcase name="testDifferentialFunction" classname="org.atsd.AppTest" time="0.001"/>
  <testcase name="testBisectionMethod" classname="org.atsd.AppTest" time="0.016">
    <system-out><![CDATA[=== Метод половинчастого ділення ===
Ітерація	a		b		c		f(c)
1		-1,000000	0,000000	-0,500000	-1,531250
2		-0,500000	0,000000	-0,250000	-0,250977
3		-0,250000	0,000000	-0,125000	0,374969
4		-0,250000	-0,125000	-0,187500	0,062268
5		-0,250000	-0,187500	-0,218750	-0,094251
6		-0,218750	-0,187500	-0,203125	-0,015971
7		-0,203125	-0,187500	-0,195313	0,023153
8		-0,203125	-0,195313	-0,199219	0,003592
9		-0,203125	-0,199219	-0,201172	-0,006189
10		-0,201172	-0,199219	-0,200195	-0,001298
11		-0,200195	-0,199219	-0,199707	0,001147
12		-0,200195	-0,199707	-0,199951	-0,000075
13		-0,199951	-0,199707	-0,199829	0,000536
14		-0,199951	-0,199829	-0,199890	0,000230
15		-0,199951	-0,199890	-0,199921	0,000077
16		-0,199951	-0,199921	-0,199936	0,000001
17		-0,199951	-0,199936	-0,199944	-0,000037
18		-0,199944	-0,199936	-0,199940	-0,000018
19		-0,199940	-0,199936	-0,199938	-0,000009
20		-0,199938	-0,199936	-0,199937	-0,000004
21		-0,199937	-0,199936	-0,199936	-0,000001
22		-0,199936	-0,199936	-0,199936	-0,000000
23		-0,199936	-0,199936	-0,199936	0,000000
24		-0,199936	-0,199936	-0,199936	0,000000
25		-0,199936	-0,199936	-0,199936	-0,000000
26		-0,199936	-0,199936	-0,199936	-0,000000
27		-0,199936	-0,199936	-0,199936	0,000000
28		-0,199936	-0,199936	-0,199936	-0,000000
29		-0,199936	-0,199936	-0,199936	0,000000
30		-0,199936	-0,199936	-0,199936	0,000000
31		-0,199936	-0,199936	-0,199936	-0,000000
32		-0,199936	-0,199936	-0,199936	-0,000000
33		-0,199936	-0,199936	-0,199936	-0,000000
34		-0,199936	-0,199936	-0,199936	-0,000000
Знайдено корінь: -0,1999361022 за 34 ітерацій

]]></system-out>
  </testcase>
  <testcase name="testDifferentialEquationInitialConditions" classname="org.atsd.AppTest" time="0.001"/>
  <testcase name="testIntegrationAccuracy" classname="org.atsd.AppTest" time="0.001"/>
  <testcase name="testSimpsonMethod" classname="org.atsd.AppTest" time="0.002"/>
  <testcase name="testRootFindingExceptions" classname="org.atsd.AppTest" time="0.004"/>
  <testcase name="testAllAlgorithmsIntegration" classname="org.atsd.AppTest" time="0.025">
    <system-out><![CDATA[=== Метод половинчастого ділення ===
Ітерація	a		b		c		f(c)
1		-1,000000	0,000000	-0,500000	-1,531250
2		-0,500000	0,000000	-0,250000	-0,250977
3		-0,250000	0,000000	-0,125000	0,374969
4		-0,250000	-0,125000	-0,187500	0,062268
5		-0,250000	-0,187500	-0,218750	-0,094251
6		-0,218750	-0,187500	-0,203125	-0,015971
7		-0,203125	-0,187500	-0,195313	0,023153
8		-0,203125	-0,195313	-0,199219	0,003592
9		-0,203125	-0,199219	-0,201172	-0,006189
10		-0,201172	-0,199219	-0,200195	-0,001298
11		-0,200195	-0,199219	-0,199707	0,001147
12		-0,200195	-0,199707	-0,199951	-0,000075
13		-0,199951	-0,199707	-0,199829	0,000536
14		-0,199951	-0,199829	-0,199890	0,000230
15		-0,199951	-0,199890	-0,199921	0,000077
16		-0,199951	-0,199921	-0,199936	0,000001
17		-0,199951	-0,199936	-0,199944	-0,000037
18		-0,199944	-0,199936	-0,199940	-0,000018
19		-0,199940	-0,199936	-0,199938	-0,000009
20		-0,199938	-0,199936	-0,199937	-0,000004
21		-0,199937	-0,199936	-0,199936	-0,000001
22		-0,199936	-0,199936	-0,199936	-0,000000
23		-0,199936	-0,199936	-0,199936	0,000000
24		-0,199936	-0,199936	-0,199936	0,000000
25		-0,199936	-0,199936	-0,199936	-0,000000
26		-0,199936	-0,199936	-0,199936	-0,000000
27		-0,199936	-0,199936	-0,199936	0,000000
28		-0,199936	-0,199936	-0,199936	-0,000000
29		-0,199936	-0,199936	-0,199936	0,000000
30		-0,199936	-0,199936	-0,199936	0,000000
31		-0,199936	-0,199936	-0,199936	-0,000000
32		-0,199936	-0,199936	-0,199936	-0,000000
33		-0,199936	-0,199936	-0,199936	-0,000000
34		-0,199936	-0,199936	-0,199936	-0,000000
Знайдено корінь: -0,1999361022 за 34 ітерацій

=== Метод дотичних (Ньютона) ===
Ітерація	x		f(x)		f'(x)
1		-0,500000	-1,531250	5,312500
2		-0,211765	-0,059249	5,010055
3		-0,199939	-0,000013	5,007990
4		-0,199936	-0,000000	5,007990
Знайдено корінь: -0,1999361022 за 3 ітерацій

=== Метод хорд ===
Ітерація	a		b		x		f(x)
1		-1,000000	0,000000	-0,166667	0,166538
2		-1,000000	-0,166667	-0,193528	0,032087
3		-1,000000	-0,193528	-0,198671	0,006337
4		-1,000000	-0,198671	-0,199685	0,001257
5		-1,000000	-0,199685	-0,199886	0,000250
6		-1,000000	-0,199886	-0,199926	0,000050
7		-1,000000	-0,199926	-0,199934	0,000010
8		-1,000000	-0,199934	-0,199936	0,000002
9		-1,000000	-0,199936	-0,199936	0,000000
10		-1,000000	-0,199936	-0,199936	0,000000
11		-1,000000	-0,199936	-0,199936	0,000000
12		-1,000000	-0,199936	-0,199936	0,000000
13		-1,000000	-0,199936	-0,199936	0,000000
14		-1,000000	-0,199936	-0,199936	0,000000
15		-1,000000	-0,199936	-0,199936	0,000000
Знайдено корінь: -0,1999361022 за 14 ітерацій

]]></system-out>
  </testcase>
  <testcase name="testRectangleMethod" classname="org.atsd.AppTest" time="0.001"/>
  <testcase name="testBoundaryConditions" classname="org.atsd.AppTest" time="0.001"/>
  <testcase name="testIntegralFunction" classname="org.atsd.AppTest" time="0.001"/>
  <testcase name="testRootFindingConvergence" classname="org.atsd.AppTest" time="0.011">
    <system-out><![CDATA[=== Метод половинчастого ділення ===
Ітерація	a		b		c		f(c)
1		-1,000000	0,000000	-0,500000	-1,531250
2		-0,500000	0,000000	-0,250000	-0,250977
3		-0,250000	0,000000	-0,125000	0,374969
4		-0,250000	-0,125000	-0,187500	0,062268
5		-0,250000	-0,187500	-0,218750	-0,094251
6		-0,218750	-0,187500	-0,203125	-0,015971
7		-0,203125	-0,187500	-0,195313	0,023153
8		-0,203125	-0,195313	-0,199219	0,003592
9		-0,203125	-0,199219	-0,201172	-0,006189
10		-0,201172	-0,199219	-0,200195	-0,001298
11		-0,200195	-0,199219	-0,199707	0,001147
12		-0,200195	-0,199707	-0,199951	-0,000075
13		-0,199951	-0,199707	-0,199829	0,000536
14		-0,199951	-0,199829	-0,199890	0,000230
15		-0,199951	-0,199890	-0,199921	0,000077
16		-0,199951	-0,199921	-0,199936	0,000001
17		-0,199951	-0,199936	-0,199944	-0,000037
18		-0,199944	-0,199936	-0,199940	-0,000018
19		-0,199940	-0,199936	-0,199938	-0,000009
20		-0,199938	-0,199936	-0,199937	-0,000004
21		-0,199937	-0,199936	-0,199936	-0,000001
22		-0,199936	-0,199936	-0,199936	-0,000000
23		-0,199936	-0,199936	-0,199936	0,000000
24		-0,199936	-0,199936	-0,199936	0,000000
25		-0,199936	-0,199936	-0,199936	-0,000000
26		-0,199936	-0,199936	-0,199936	-0,000000
27		-0,199936	-0,199936	-0,199936	0,000000
28		-0,199936	-0,199936	-0,199936	-0,000000
29		-0,199936	-0,199936	-0,199936	0,000000
30		-0,199936	-0,199936	-0,199936	0,000000
31		-0,199936	-0,199936	-0,199936	-0,000000
32		-0,199936	-0,199936	-0,199936	-0,000000
33		-0,199936	-0,199936	-0,199936	-0,000000
34		-0,199936	-0,199936	-0,199936	-0,000000
Знайдено корінь: -0,1999361022 за 34 ітерацій

=== Метод дотичних (Ньютона) ===
Ітерація	x		f(x)		f'(x)
1		-0,500000	-1,531250	5,312500
2		-0,211765	-0,059249	5,010055
3		-0,199939	-0,000013	5,007990
4		-0,199936	-0,000000	5,007990
Знайдено корінь: -0,1999361022 за 3 ітерацій

=== Метод хорд ===
Ітерація	a		b		x		f(x)
1		-1,000000	0,000000	-0,166667	0,166538
2		-1,000000	-0,166667	-0,193528	0,032087
3		-1,000000	-0,193528	-0,198671	0,006337
4		-1,000000	-0,198671	-0,199685	0,001257
5		-1,000000	-0,199685	-0,199886	0,000250
6		-1,000000	-0,199886	-0,199926	0,000050
7		-1,000000	-0,199926	-0,199934	0,000010
8		-1,000000	-0,199934	-0,199936	0,000002
9		-1,000000	-0,199936	-0,199936	0,000000
10		-1,000000	-0,199936	-0,199936	0,000000
11		-1,000000	-0,199936	-0,199936	0,000000
12		-1,000000	-0,199936	-0,199936	0,000000
13		-1,000000	-0,199936	-0,199936	0,000000
14		-1,000000	-0,199936	-0,199936	0,000000
15		-1,000000	-0,199936	-0,199936	0,000000
Знайдено корінь: -0,1999361022 за 14 ітерацій

]]></system-out>
  </testcase>
  <testcase name="testTrapezoidMethod" classname="org.atsd.AppTest" time="0.001"/>
  <testcase name="testNewtonMethod" classname="org.atsd.AppTest" time="0.001">
    <system-out><![CDATA[=== Метод дотичних (Ньютона) ===
Ітерація	x		f(x)		f'(x)
1		-0,500000	-1,531250	5,312500
2		-0,211765	-0,059249	5,010055
3		-0,199939	-0,000013	5,007990
4		-0,199936	-0,000000	5,007990
Знайдено корінь: -0,1999361022 за 3 ітерацій

]]></system-out>
  </testcase>
  <testcase name="testExactIntegralValue" classname="org.atsd.AppTest" time="0.001"/>
  <testcase name="testChordMethod" classname="org.atsd.AppTest" time="0.002">
    <system-out><![CDATA[=== Метод хорд ===
Ітерація	a		b		x		f(x)
1		-1,000000	0,000000	-0,166667	0,166538
2		-1,000000	-0,166667	-0,193528	0,032087
3		-1,000000	-0,193528	-0,198671	0,006337
4		-1,000000	-0,198671	-0,199685	0,001257
5		-1,000000	-0,199685	-0,199886	0,000250
6		-1,000000	-0,199886	-0,199926	0,000050
7		-1,000000	-0,199926	-0,199934	0,000010
8		-1,000000	-0,199934	-0,199936	0,000002
9		-1,000000	-0,199936	-0,199936	0,000000
10		-1,000000	-0,199936	-0,199936	0,000000
11		-1,000000	-0,199936	-0,199936	0,000000
12		-1,000000	-0,199936	-0,199936	0,000000
13		-1,000000	-0,199936	-0,199936	0,000000
14		-1,000000	-0,199936	-0,199936	0,000000
15		-1,000000	-0,199936	-0,199936	0,000000
Знайдено корінь: -0,1999361022 за 14 ітерацій

]]></system-out>
  </testcase>
  <testcase name="testEulerMethodStability" classname="org.atsd.AppTest" time="0.005"/>
</testsuite>